<?xml version='1.0' encoding='UTF-8'?>
<testsuite hostname="lmoquiuti" name="CalculadoraTest" tests="4" errors="0" failures="0" skipped="0" time="0.024" timestamp="2022-04-11T15:13:03">
          <properties>
[...]
</properties>
          <testcase classname="CalculadoraTest" name="Test Soma" time="0.023">
                      
                    </testcase><testcase classname="CalculadoraTest" name="Test Subtração" time="0.0">
                      
                    </testcase><testcase classname="CalculadoraTest" name="Test Multiplicação" time="0.0">
                      
                    </testcase><testcase classname="CalculadoraTest" name="Test Divisão" time="0.001">
                      
                    </testcase>
          <system-out><![CDATA[]]></system-out>
          <system-err><![CDATA[]]></system-err>
        </testsuite>